This is pdfTeX, Version 3.14159265-2.6-1.40.19 (MiKTeX 2.9.6800 64-bit) (preloaded format=pdflatex 2018.9.29)  13 NOV 2018 10:58
entering extended mode
**./Labo05_CalibrationEtCorrectionDistorsion.tex
(Labo05_CalibrationEtCorrectionDistorsion.tex
LaTeX2e <2018-04-01> patch level 5
("C:\Program Files\MiKTeX 2.9\tex\latex\base\article.cls"
Document Class: article 2014/09/29 v1.4h Standard LaTeX document class
("C:\Program Files\MiKTeX 2.9\tex\latex\base\size10.clo"
File: size10.clo 2014/09/29 v1.4h Standard LaTeX file (size option)
)
\c@part=\count80
\c@section=\count81
\c@subsection=\count82
\c@subsubsection=\count83
\c@paragraph=\count84
\c@subparagraph=\count85
\c@figure=\count86
\c@table=\count87
\abovecaptionskip=\skip41
\belowcaptionskip=\skip42
\bibindent=\dimen102
) (labHeader.tex
("C:\Program Files\MiKTeX 2.9\tex\latex\base\inputenc.sty"
Package: inputenc 2018/04/06 v1.3b Input encoding file
\inpenc@prehook=\toks14
\inpenc@posthook=\toks15
)
("C:\Program Files\MiKTeX 2.9\tex\latex\preprint\fullpage.sty"
Package: fullpage 1999/02/23 1.1 (PWD)
\FP@margin=\skip43
)
("C:\Program Files\MiKTeX 2.9\tex\latex\graphics\graphicx.sty"
Package: graphicx 2017/06/01 v1.1a Enhanced LaTeX Graphics (DPC,SPQR)

("C:\Program Files\MiKTeX 2.9\tex\latex\graphics\keyval.sty"
Package: keyval 2014/10/28 v1.15 key=value parser (DPC)
\KV@toks@=\toks16
)
("C:\Program Files\MiKTeX 2.9\tex\latex\graphics\graphics.sty"
Package: graphics 2017/06/25 v1.2c Standard LaTeX Graphics (DPC,SPQR)

("C:\Program Files\MiKTeX 2.9\tex\latex\graphics\trig.sty"
Package: trig 2016/01/03 v1.10 sin cos tan (DPC)
)
("C:\Program Files\MiKTeX 2.9\tex\latex\graphics-cfg\graphics.cfg"
File: graphics.cfg 2016/06/04 v1.11 sample graphics configuration
)
Package graphics Info: Driver file: pdftex.def on input line 99.

("C:\Program Files\MiKTeX 2.9\tex\latex\graphics-def\pdftex.def"
File: pdftex.def 2018/01/08 v1.0l Graphics/color driver for pdftex
))
\Gin@req@height=\dimen103
\Gin@req@width=\dimen104
)
("C:\Program Files\MiKTeX 2.9\tex\latex\base\ifthen.sty"
Package: ifthen 2014/09/29 v1.1c Standard LaTeX ifthen package (DPC)
)
("C:\Program Files\MiKTeX 2.9\tex\latex\amsfonts\amssymb.sty"
Package: amssymb 2013/01/14 v3.01 AMS font symbols

("C:\Program Files\MiKTeX 2.9\tex\latex\amsfonts\amsfonts.sty"
Package: amsfonts 2013/01/14 v3.01 Basic AMSFonts support
\@emptytoks=\toks17
\symAMSa=\mathgroup4
\symAMSb=\mathgroup5
LaTeX Font Info:    Overwriting math alphabet `\mathfrak' in version `bold'
(Font)                  U/euf/m/n --> U/euf/b/n on input line 106.
))
("C:\Program Files\MiKTeX 2.9\tex\latex\changepage\chngpage.sty"
Package: chngpage 2009/10/20 v1.2b change page layout
\c@cp@cnt=\count88
\c@cp@tempcnt=\count89
)
("C:\Program Files\MiKTeX 2.9\tex\latex\lastpage\lastpage.sty"
Package: lastpage 2015/03/29 v1.2m Refers to last page's name (HMM; JPG)
)
("C:\Program Files\MiKTeX 2.9\tex\latex\listings\listings.sty"
\lst@mode=\count90
\lst@gtempboxa=\box26
\lst@token=\toks18
\lst@length=\count91
\lst@currlwidth=\dimen105
\lst@column=\count92
\lst@pos=\count93
\lst@lostspace=\dimen106
\lst@width=\dimen107
\lst@newlines=\count94
\lst@lineno=\count95
\lst@maxwidth=\dimen108

("C:\Program Files\MiKTeX 2.9\tex\latex\listings\lstmisc.sty"
File: lstmisc.sty 2018/09/02 1.7 (Carsten Heinz)
\c@lstnumber=\count96
\lst@skipnumbers=\count97
\lst@framebox=\box27
)
("C:\Program Files\MiKTeX 2.9\tex\latex\listings\listings.cfg"
File: listings.cfg 2018/09/02 1.7 listings configuration
))
Package: listings 2018/09/02 1.7 (Carsten Heinz)

("C:\Program Files\MiKTeX 2.9\tex\latex\graphics\color.sty"
Package: color 2016/07/10 v1.1e Standard LaTeX Color (DPC)

("C:\Program Files\MiKTeX 2.9\tex\latex\graphics-cfg\color.cfg"
File: color.cfg 2016/01/02 v1.6 sample color configuration
)
Package color Info: Driver file: pdftex.def on input line 147.
)
("C:\Program Files\MiKTeX 2.9\tex\latex\colortbl\colortbl.sty"
Package: colortbl 2018/05/02 v1.0c Color table columns (DPC)

("C:\Program Files\MiKTeX 2.9\tex\latex\tools\array.sty"
Package: array 2018/04/30 v2.4h Tabular extension package (FMi)
\col@sep=\dimen109
\ar@mcellbox=\box28
\extrarowheight=\dimen110
\NC@list=\toks19
\extratabsurround=\skip44
\backup@length=\skip45
\ar@cellbox=\box29
)
\everycr=\toks20
\minrowclearance=\skip46
)
("C:\Program Files\MiKTeX 2.9\tex\latex\xcolor\xcolor.sty"
Package: xcolor 2016/05/11 v2.12 LaTeX color extensions (UK)

("C:\Program Files\MiKTeX 2.9\tex\latex\graphics-cfg\color.cfg"
File: color.cfg 2016/01/02 v1.6 sample color configuration
)
Package xcolor Info: Driver file: pdftex.def on input line 225.
LaTeX Info: Redefining \color on input line 709.
Package xcolor Info: Model `cmy' substituted by `cmy0' on input line 1348.
Package xcolor Info: Model `hsb' substituted by `rgb' on input line 1352.
Package xcolor Info: Model `RGB' extended on input line 1364.
Package xcolor Info: Model `HTML' substituted by `rgb' on input line 1366.
Package xcolor Info: Model `Hsb' substituted by `hsb' on input line 1367.
Package xcolor Info: Model `tHsb' substituted by `hsb' on input line 1368.
Package xcolor Info: Model `HSB' substituted by `hsb' on input line 1369.
Package xcolor Info: Model `Gray' substituted by `gray' on input line 1370.
Package xcolor Info: Model `wave' substituted by `hsb' on input line 1371.
)
("C:\Program Files\MiKTeX 2.9\tex\latex\fancyhdr\fancyhdr.sty"
Package: fancyhdr 2017/06/30 v3.9a Extensive control of page headers and footer
s
\f@nch@headwidth=\skip47
\f@nch@O@elh=\skip48
\f@nch@O@erh=\skip49
\f@nch@O@olh=\skip50
\f@nch@O@orh=\skip51
\f@nch@O@elf=\skip52
\f@nch@O@erf=\skip53
\f@nch@O@olf=\skip54
\f@nch@O@orf=\skip55
)
("C:\Program Files\MiKTeX 2.9\tex\generic\babel\babel.sty"
Package: babel 2018/09/02 3.23 The Babel package

("C:\Program Files\MiKTeX 2.9\tex\generic\babel\switch.def"
File: switch.def 2018/09/02 3.23 Babel switching mechanism
)
*************************************
* Local config file bblopts.cfg used
*
("C:\Program Files\MiKTeX 2.9\tex\latex\arabi\bblopts.cfg"
File: bblopts.cfg 2005/09/08 v0.1 add Arabic and Farsi to "declared" options of
 babel
)
("C:\Program Files\MiKTeX 2.9\tex\generic\babel-french\francais.ldf"
Language: francais 2018/07/17 v3.5b French support from the babel system


Package francais.ldf Warning: Option `francais' for Babel is *deprecated*,
(francais.ldf)                it might be removed sooner or later. Please
(francais.ldf)                use `french' instead; reported on input line 31.

("C:\Program Files\MiKTeX 2.9\tex\generic\babel-french\french.ldf"
Language: french 2018/07/17 v3.5b French support from the babel system

("C:\Program Files\MiKTeX 2.9\tex\generic\babel\babel.def"
File: babel.def 2018/09/02 3.23 Babel common definitions
\babel@savecnt=\count98
\U@D=\dimen111

("C:\Program Files\MiKTeX 2.9\tex\generic\babel\txtbabel.def")
\bbl@dirlevel=\count99
)
\l@acadian = a dialect from \language\l@french 
\FB@nonchar=\count100
Package babel Info: Making : an active character on input line 415.
Package babel Info: Making ; an active character on input line 416.
Package babel Info: Making ! an active character on input line 417.
Package babel Info: Making ? an active character on input line 418.
\FBguill@level=\count101
\FBold@everypar=\toks21
\FB@Mht=\dimen112
\mc@charclass=\count102
\mc@charfam=\count103
\mc@charslot=\count104
\std@mcc=\count105
\dec@mcc=\count106
\c@FBcaption@count=\count107
\listindentFB=\dimen113
\descindentFB=\dimen114
\labelindentFB=\dimen115
\labelwidthFB=\dimen116
\leftmarginFB=\dimen117
\parindentFFN=\dimen118
\FBfnindent=\dimen119
)))
("C:\Program Files\MiKTeX 2.9\tex\latex\carlisle\scalefnt.sty")
("C:\Program Files\MiKTeX 2.9\tex\latex\appendix\appendix.sty"
Package: appendix 2009/09/02 v1.2b extra appendix facilities
\c@@pps=\count108
\c@@ppsavesec=\count109
\c@@ppsaveapp=\count110
)
("C:\Program Files\MiKTeX 2.9\tex\latex\multirow\multirow.sty"
Package: multirow 2018/08/03 v2.3 Span multiple rows of a table
\multirow@colwidth=\skip56
\multirow@cntb=\count111
\multirow@dima=\skip57
\bigstrutjot=\dimen120
)
("C:\Program Files\MiKTeX 2.9\tex\latex\fourier\fourier.sty"
Package: fourier 2005/01/01 1.4 fourier-GUTenberg package
Now handling font encoding FML ...
... no UTF-8 mapping file for font encoding FML
Now handling font encoding FMS ...
... no UTF-8 mapping file for font encoding FMS
Now handling font encoding FMX ...
... no UTF-8 mapping file for font encoding FMX

("C:\Program Files\MiKTeX 2.9\tex\latex\base\fontenc.sty"
Package: fontenc 2017/04/05 v2.0i Standard LaTeX package

("C:\Program Files\MiKTeX 2.9\tex\latex\base\t1enc.def"
File: t1enc.def 2017/04/05 v2.0i Standard LaTeX file
LaTeX Font Info:    Redeclaring font encoding T1 on input line 48.
))
("C:\Program Files\MiKTeX 2.9\tex\latex\base\textcomp.sty"
Package: textcomp 2017/04/05 v2.0i Standard LaTeX package
Package textcomp Info: Sub-encoding information:
(textcomp)               5 = only ISO-Adobe without \textcurrency
(textcomp)               4 = 5 + \texteuro
(textcomp)               3 = 4 + \textohm
(textcomp)               2 = 3 + \textestimated + \textcurrency
(textcomp)               1 = TS1 - \textcircled - \t
(textcomp)               0 = TS1 (full)
(textcomp)             Font families with sub-encoding setting implement
(textcomp)             only a restricted character set as indicated.
(textcomp)             Family '?' is the default used for unknown fonts.
(textcomp)             See the documentation for details.
Package textcomp Info: Setting ? sub-encoding to TS1/1 on input line 79.

("C:\Program Files\MiKTeX 2.9\tex\latex\base\ts1enc.def"
File: ts1enc.def 2001/06/05 v3.0e (jk/car/fm) Standard LaTeX file
Now handling font encoding TS1 ...
... processing UTF-8 mapping file for font encoding TS1

("C:\Program Files\MiKTeX 2.9\tex\latex\base\ts1enc.dfu"
File: ts1enc.dfu 2018/04/05 v1.2c UTF-8 support for inputenc
   defining Unicode char U+00A2 (decimal 162)
   defining Unicode char U+00A3 (decimal 163)
   defining Unicode char U+00A4 (decimal 164)
   defining Unicode char U+00A5 (decimal 165)
   defining Unicode char U+00A6 (decimal 166)
   defining Unicode char U+00A7 (decimal 167)
   defining Unicode char U+00A8 (decimal 168)
   defining Unicode char U+00A9 (decimal 169)
   defining Unicode char U+00AA (decimal 170)
   defining Unicode char U+00AC (decimal 172)
   defining Unicode char U+00AE (decimal 174)
   defining Unicode char U+00AF (decimal 175)
   defining Unicode char U+00B0 (decimal 176)
   defining Unicode char U+00B1 (decimal 177)
   defining Unicode char U+00B2 (decimal 178)
   defining Unicode char U+00B3 (decimal 179)
   defining Unicode char U+00B4 (decimal 180)
   defining Unicode char U+00B5 (decimal 181)
   defining Unicode char U+00B6 (decimal 182)
   defining Unicode char U+00B7 (decimal 183)
   defining Unicode char U+00B9 (decimal 185)
   defining Unicode char U+00BA (decimal 186)
   defining Unicode char U+00BC (decimal 188)
   defining Unicode char U+00BD (decimal 189)
   defining Unicode char U+00BE (decimal 190)
   defining Unicode char U+00D7 (decimal 215)
   defining Unicode char U+00F7 (decimal 247)
   defining Unicode char U+0192 (decimal 402)
   defining Unicode char U+02C7 (decimal 711)
   defining Unicode char U+02D8 (decimal 728)
   defining Unicode char U+02DD (decimal 733)
   defining Unicode char U+0E3F (decimal 3647)
   defining Unicode char U+2016 (decimal 8214)
   defining Unicode char U+2020 (decimal 8224)
   defining Unicode char U+2021 (decimal 8225)
   defining Unicode char U+2022 (decimal 8226)
   defining Unicode char U+2030 (decimal 8240)
   defining Unicode char U+2031 (decimal 8241)
   defining Unicode char U+203B (decimal 8251)
   defining Unicode char U+203D (decimal 8253)
   defining Unicode char U+2044 (decimal 8260)
   defining Unicode char U+204E (decimal 8270)
   defining Unicode char U+2052 (decimal 8274)
   defining Unicode char U+20A1 (decimal 8353)
   defining Unicode char U+20A4 (decimal 8356)
   defining Unicode char U+20A6 (decimal 8358)
   defining Unicode char U+20A9 (decimal 8361)
   defining Unicode char U+20AB (decimal 8363)
   defining Unicode char U+20AC (decimal 8364)
   defining Unicode char U+20B1 (decimal 8369)
   defining Unicode char U+2103 (decimal 8451)
   defining Unicode char U+2116 (decimal 8470)
   defining Unicode char U+2117 (decimal 8471)
   defining Unicode char U+211E (decimal 8478)
   defining Unicode char U+2120 (decimal 8480)
   defining Unicode char U+2122 (decimal 8482)
   defining Unicode char U+2126 (decimal 8486)
   defining Unicode char U+2127 (decimal 8487)
   defining Unicode char U+212E (decimal 8494)
   defining Unicode char U+2190 (decimal 8592)
   defining Unicode char U+2191 (decimal 8593)
   defining Unicode char U+2192 (decimal 8594)
   defining Unicode char U+2193 (decimal 8595)
   defining Unicode char U+2329 (decimal 9001)
   defining Unicode char U+232A (decimal 9002)
   defining Unicode char U+2422 (decimal 9250)
   defining Unicode char U+25E6 (decimal 9702)
   defining Unicode char U+25EF (decimal 9711)
   defining Unicode char U+266A (decimal 9834)
   defining Unicode char U+FEFF (decimal 65279)
))
LaTeX Info: Redefining \oldstylenums on input line 334.
Package textcomp Info: Setting cmr sub-encoding to TS1/0 on input line 349.
Package textcomp Info: Setting cmss sub-encoding to TS1/0 on input line 350.
Package textcomp Info: Setting cmtt sub-encoding to TS1/0 on input line 351.
Package textcomp Info: Setting cmvtt sub-encoding to TS1/0 on input line 352.
Package textcomp Info: Setting cmbr sub-encoding to TS1/0 on input line 353.
Package textcomp Info: Setting cmtl sub-encoding to TS1/0 on input line 354.
Package textcomp Info: Setting ccr sub-encoding to TS1/0 on input line 355.
Package textcomp Info: Setting ptm sub-encoding to TS1/4 on input line 356.
Package textcomp Info: Setting pcr sub-encoding to TS1/4 on input line 357.
Package textcomp Info: Setting phv sub-encoding to TS1/4 on input line 358.
Package textcomp Info: Setting ppl sub-encoding to TS1/3 on input line 359.
Package textcomp Info: Setting pag sub-encoding to TS1/4 on input line 360.
Package textcomp Info: Setting pbk sub-encoding to TS1/4 on input line 361.
Package textcomp Info: Setting pnc sub-encoding to TS1/4 on input line 362.
Package textcomp Info: Setting pzc sub-encoding to TS1/4 on input line 363.
Package textcomp Info: Setting bch sub-encoding to TS1/4 on input line 364.
Package textcomp Info: Setting put sub-encoding to TS1/5 on input line 365.
Package textcomp Info: Setting uag sub-encoding to TS1/5 on input line 366.
Package textcomp Info: Setting ugq sub-encoding to TS1/5 on input line 367.
Package textcomp Info: Setting ul8 sub-encoding to TS1/4 on input line 368.
Package textcomp Info: Setting ul9 sub-encoding to TS1/4 on input line 369.
Package textcomp Info: Setting augie sub-encoding to TS1/5 on input line 370.
Package textcomp Info: Setting dayrom sub-encoding to TS1/3 on input line 371.
Package textcomp Info: Setting dayroms sub-encoding to TS1/3 on input line 372.

Package textcomp Info: Setting pxr sub-encoding to TS1/0 on input line 373.
Package textcomp Info: Setting pxss sub-encoding to TS1/0 on input line 374.
Package textcomp Info: Setting pxtt sub-encoding to TS1/0 on input line 375.
Package textcomp Info: Setting txr sub-encoding to TS1/0 on input line 376.
Package textcomp Info: Setting txss sub-encoding to TS1/0 on input line 377.
Package textcomp Info: Setting txtt sub-encoding to TS1/0 on input line 378.
Package textcomp Info: Setting lmr sub-encoding to TS1/0 on input line 379.
Package textcomp Info: Setting lmdh sub-encoding to TS1/0 on input line 380.
Package textcomp Info: Setting lmss sub-encoding to TS1/0 on input line 381.
Package textcomp Info: Setting lmssq sub-encoding to TS1/0 on input line 382.
Package textcomp Info: Setting lmvtt sub-encoding to TS1/0 on input line 383.
Package textcomp Info: Setting lmtt sub-encoding to TS1/0 on input line 384.
Package textcomp Info: Setting qhv sub-encoding to TS1/0 on input line 385.
Package textcomp Info: Setting qag sub-encoding to TS1/0 on input line 386.
Package textcomp Info: Setting qbk sub-encoding to TS1/0 on input line 387.
Package textcomp Info: Setting qcr sub-encoding to TS1/0 on input line 388.
Package textcomp Info: Setting qcs sub-encoding to TS1/0 on input line 389.
Package textcomp Info: Setting qpl sub-encoding to TS1/0 on input line 390.
Package textcomp Info: Setting qtm sub-encoding to TS1/0 on input line 391.
Package textcomp Info: Setting qzc sub-encoding to TS1/0 on input line 392.
Package textcomp Info: Setting qhvc sub-encoding to TS1/0 on input line 393.
Package textcomp Info: Setting futs sub-encoding to TS1/4 on input line 394.
Package textcomp Info: Setting futx sub-encoding to TS1/4 on input line 395.
Package textcomp Info: Setting futj sub-encoding to TS1/4 on input line 396.
Package textcomp Info: Setting hlh sub-encoding to TS1/3 on input line 397.
Package textcomp Info: Setting hls sub-encoding to TS1/3 on input line 398.
Package textcomp Info: Setting hlst sub-encoding to TS1/3 on input line 399.
Package textcomp Info: Setting hlct sub-encoding to TS1/5 on input line 400.
Package textcomp Info: Setting hlx sub-encoding to TS1/5 on input line 401.
Package textcomp Info: Setting hlce sub-encoding to TS1/5 on input line 402.
Package textcomp Info: Setting hlcn sub-encoding to TS1/5 on input line 403.
Package textcomp Info: Setting hlcw sub-encoding to TS1/5 on input line 404.
Package textcomp Info: Setting hlcf sub-encoding to TS1/5 on input line 405.
Package textcomp Info: Setting pplx sub-encoding to TS1/3 on input line 406.
Package textcomp Info: Setting pplj sub-encoding to TS1/3 on input line 407.
Package textcomp Info: Setting ptmx sub-encoding to TS1/4 on input line 408.
Package textcomp Info: Setting ptmj sub-encoding to TS1/4 on input line 409.
)
("C:\Program Files\MiKTeX 2.9\tex\latex\fourier\fourier-orns.sty"
Package: fourier-orns 2004/01/30 1.1 fourier-ornaments package
)
LaTeX Font Info:    Redeclaring symbol font `operators' on input line 50.
LaTeX Font Info:    Encoding `OT1' has changed to `T1' for symbol font
(Font)              `operators' in the math version `normal' on input line 50.
LaTeX Font Info:    Overwriting symbol font `operators' in version `normal'
(Font)                  OT1/cmr/m/n --> T1/futs/m/n on input line 50.
LaTeX Font Info:    Encoding `OT1' has changed to `T1' for symbol font
(Font)              `operators' in the math version `bold' on input line 50.
LaTeX Font Info:    Overwriting symbol font `operators' in version `bold'
(Font)                  OT1/cmr/bx/n --> T1/futs/m/n on input line 50.
LaTeX Font Info:    Overwriting symbol font `operators' in version `bold'
(Font)                  T1/futs/m/n --> T1/futs/b/n on input line 51.
LaTeX Font Info:    Redeclaring symbol font `letters' on input line 59.
LaTeX Font Info:    Encoding `OML' has changed to `FML' for symbol font
(Font)              `letters' in the math version `normal' on input line 59.
LaTeX Font Info:    Overwriting symbol font `letters' in version `normal'
(Font)                  OML/cmm/m/it --> FML/futmi/m/it on input line 59.
LaTeX Font Info:    Encoding `OML' has changed to `FML' for symbol font
(Font)              `letters' in the math version `bold' on input line 59.
LaTeX Font Info:    Overwriting symbol font `letters' in version `bold'
(Font)                  OML/cmm/b/it --> FML/futmi/m/it on input line 59.
\symotherletters=\mathgroup6
LaTeX Font Info:    Overwriting symbol font `letters' in version `bold'
(Font)                  FML/futmi/m/it --> FML/futmi/b/it on input line 61.
LaTeX Font Info:    Overwriting symbol font `otherletters' in version `bold'
(Font)                  FML/futm/m/it --> FML/futm/b/it on input line 62.
LaTeX Font Info:    Redeclaring math symbol \Gamma on input line 63.
LaTeX Font Info:    Redeclaring math symbol \Delta on input line 64.
LaTeX Font Info:    Redeclaring math symbol \Theta on input line 65.
LaTeX Font Info:    Redeclaring math symbol \Lambda on input line 66.
LaTeX Font Info:    Redeclaring math symbol \Xi on input line 67.
LaTeX Font Info:    Redeclaring math symbol \Pi on input line 68.
LaTeX Font Info:    Redeclaring math symbol \Sigma on input line 69.
LaTeX Font Info:    Redeclaring math symbol \Upsilon on input line 70.
LaTeX Font Info:    Redeclaring math symbol \Phi on input line 71.
LaTeX Font Info:    Redeclaring math symbol \Psi on input line 72.
LaTeX Font Info:    Redeclaring math symbol \Omega on input line 73.
LaTeX Font Info:    Redeclaring symbol font `symbols' on input line 113.
LaTeX Font Info:    Encoding `OMS' has changed to `FMS' for symbol font
(Font)              `symbols' in the math version `normal' on input line 113.
LaTeX Font Info:    Overwriting symbol font `symbols' in version `normal'
(Font)                  OMS/cmsy/m/n --> FMS/futm/m/n on input line 113.
LaTeX Font Info:    Encoding `OMS' has changed to `FMS' for symbol font
(Font)              `symbols' in the math version `bold' on input line 113.
LaTeX Font Info:    Overwriting symbol font `symbols' in version `bold'
(Font)                  OMS/cmsy/b/n --> FMS/futm/m/n on input line 113.
LaTeX Font Info:    Redeclaring symbol font `largesymbols' on input line 114.
LaTeX Font Info:    Encoding `OMX' has changed to `FMX' for symbol font
(Font)              `largesymbols' in the math version `normal' on input line 1
14.
LaTeX Font Info:    Overwriting symbol font `largesymbols' in version `normal'
(Font)                  OMX/cmex/m/n --> FMX/futm/m/n on input line 114.
LaTeX Font Info:    Encoding `OMX' has changed to `FMX' for symbol font
(Font)              `largesymbols' in the math version `bold' on input line 114
.
LaTeX Font Info:    Overwriting symbol font `largesymbols' in version `bold'
(Font)                  OMX/cmex/m/n --> FMX/futm/m/n on input line 114.
LaTeX Font Info:    Redeclaring math alphabet \mathbf on input line 115.
LaTeX Font Info:    Overwriting math alphabet `\mathbf' in version `normal'
(Font)                  OT1/cmr/bx/n --> T1/futs/bx/n on input line 115.
LaTeX Font Info:    Overwriting math alphabet `\mathbf' in version `bold'
(Font)                  OT1/cmr/bx/n --> T1/futs/bx/n on input line 115.
LaTeX Font Info:    Redeclaring math alphabet \mathrm on input line 116.
LaTeX Font Info:    Redeclaring math alphabet \mathit on input line 117.
LaTeX Font Info:    Overwriting math alphabet `\mathit' in version `normal'
(Font)                  OT1/cmr/m/it --> T1/futs/m/it on input line 117.
LaTeX Font Info:    Overwriting math alphabet `\mathit' in version `bold'
(Font)                  OT1/cmr/bx/it --> T1/futs/m/it on input line 117.
LaTeX Font Info:    Redeclaring math alphabet \mathcal on input line 118.
LaTeX Font Info:    Redeclaring math symbol \varkappa on input line 119.
LaTeX Font Info:    Redeclaring math symbol \leqslant on input line 125.
LaTeX Font Info:    Redeclaring math symbol \geqslant on input line 126.
LaTeX Font Info:    Redeclaring math symbol \vDash on input line 129.
LaTeX Font Info:    Redeclaring math symbol \blacktriangleleft on input line 13
0.
LaTeX Font Info:    Redeclaring math symbol \blacktriangleright on input line 1
31.
LaTeX Font Info:    Redeclaring math symbol \nleqslant on input line 132.
LaTeX Font Info:    Redeclaring math symbol \ngeqslant on input line 133.
LaTeX Font Info:    Redeclaring math symbol \parallel on input line 134.
LaTeX Font Info:    Redeclaring math symbol \nparallel on input line 135.
LaTeX Font Info:    Redeclaring math symbol \nvDash on input line 137.
LaTeX Font Info:    Redeclaring math symbol \intercal on input line 138.
LaTeX Font Info:    Redeclaring math symbol \hslash on input line 139.
LaTeX Font Info:    Redeclaring math symbol \nexists on input line 140.
LaTeX Font Info:    Redeclaring math symbol \complement on input line 141.
LaTeX Font Info:    Redeclaring math symbol \varsubsetneq on input line 142.
LaTeX Font Info:    Redeclaring math symbol \hbar on input line 148.
LaTeX Font Info:    Redeclaring math symbol \smallsetminus on input line 149.
LaTeX Font Info:    Redeclaring math symbol \subsetneqq on input line 150.
LaTeX Font Info:    Redeclaring math symbol \rightrightarrows on input line 151
.
LaTeX Font Info:    Redeclaring math symbol \leftleftarrows on input line 152.
LaTeX Font Info:    Redeclaring math symbol \square on input line 153.
LaTeX Font Info:    Redeclaring math symbol \curvearrowleft on input line 154.
LaTeX Font Info:    Redeclaring math symbol \curvearrowright on input line 155.

LaTeX Font Info:    Redeclaring math symbol \blacksquare on input line 156.
LaTeX Font Info:    Redeclaring math symbol \varkappa on input line 186.
LaTeX Font Info:    Redeclaring math symbol \varvarrho on input line 187.
LaTeX Font Info:    Redeclaring math delimiter \Vert on input line 210.
LaTeX Font Info:    Redeclaring math delimiter \vert on input line 215.
LaTeX Font Info:    Redeclaring math delimiter \Downarrow on input line 225.
LaTeX Font Info:    Redeclaring math delimiter \backslash on input line 227.
LaTeX Font Info:    Redeclaring math delimiter \rangle on input line 229.
LaTeX Font Info:    Redeclaring math delimiter \langle on input line 231.
LaTeX Font Info:    Redeclaring math delimiter \rbrace on input line 233.
LaTeX Font Info:    Redeclaring math delimiter \lbrace on input line 235.
LaTeX Font Info:    Redeclaring math delimiter \rceil on input line 237.
LaTeX Font Info:    Redeclaring math delimiter \lceil on input line 239.
LaTeX Font Info:    Redeclaring math delimiter \rfloor on input line 241.
LaTeX Font Info:    Redeclaring math delimiter \lfloor on input line 243.
LaTeX Font Info:    Redeclaring math accent \acute on input line 247.
LaTeX Font Info:    Redeclaring math accent \grave on input line 248.
LaTeX Font Info:    Redeclaring math accent \ddot on input line 249.
LaTeX Font Info:    Redeclaring math accent \tilde on input line 250.
LaTeX Font Info:    Redeclaring math accent \bar on input line 251.
LaTeX Font Info:    Redeclaring math accent \breve on input line 252.
LaTeX Font Info:    Redeclaring math accent \check on input line 253.
LaTeX Font Info:    Redeclaring math accent \hat on input line 254.
LaTeX Font Info:    Redeclaring math accent \dot on input line 255.
LaTeX Font Info:    Redeclaring math accent \mathring on input line 256.
\symUfutm=\mathgroup7
)
("C:\Program Files\MiKTeX 2.9\tex\latex\psnfss\pifont.sty"
Package: pifont 2005/04/12 PSNFSS-v9.2a Pi font support (SPQR) 
LaTeX Font Info:    Try loading font information for U+pzd on input line 63.

("C:\Program Files\MiKTeX 2.9\tex\latex\psnfss\upzd.fd"
File: upzd.fd 2001/06/04 font definitions for U/pzd.
)
LaTeX Font Info:    Try loading font information for U+psy on input line 64.

("C:\Program Files\MiKTeX 2.9\tex\latex\psnfss\upsy.fd"
File: upsy.fd 2001/06/04 font definitions for U/psy.
))
("C:\Program Files\MiKTeX 2.9\tex\latex\bbding\bbding.sty"
Package: bbding 1999/04/15 v1.01 Dingbats symbols
)
("C:\Program Files\MiKTeX 2.9\tex\latex\url\url.sty"
\Urlmuskip=\muskip10
Package: url 2013/09/16  ver 3.4  Verb mode for urls, etc.
)
("C:\Program Files\MiKTeX 2.9\tex\latex\hyperref\hyperref.sty"
Package: hyperref 2018/02/06 v6.86b Hypertext links for LaTeX

("C:\Program Files\MiKTeX 2.9\tex\generic\oberdiek\hobsub-hyperref.sty"
Package: hobsub-hyperref 2016/05/16 v1.14 Bundle oberdiek, subset hyperref (HO)


("C:\Program Files\MiKTeX 2.9\tex\generic\oberdiek\hobsub-generic.sty"
Package: hobsub-generic 2016/05/16 v1.14 Bundle oberdiek, subset generic (HO)
Package: hobsub 2016/05/16 v1.14 Construct package bundles (HO)
Package: infwarerr 2016/05/16 v1.4 Providing info/warning/error messages (HO)
Package: ltxcmds 2016/05/16 v1.23 LaTeX kernel commands for general use (HO)
Package: ifluatex 2016/05/16 v1.4 Provides the ifluatex switch (HO)
Package ifluatex Info: LuaTeX not detected.
Package: ifvtex 2016/05/16 v1.6 Detect VTeX and its facilities (HO)
Package ifvtex Info: VTeX not detected.
Package: intcalc 2016/05/16 v1.2 Expandable calculations with integers (HO)
Package: ifpdf 2017/03/15 v3.2 Provides the ifpdf switch
Package: etexcmds 2016/05/16 v1.6 Avoid name clashes with e-TeX commands (HO)
Package etexcmds Info: Could not find \expanded.
(etexcmds)             That can mean that you are not using pdfTeX 1.50 or
(etexcmds)             that some package has redefined \expanded.
(etexcmds)             In the latter case, load this package earlier.
Package: kvsetkeys 2016/05/16 v1.17 Key value parser (HO)
Package: kvdefinekeys 2016/05/16 v1.4 Define keys (HO)
Package: pdftexcmds 2018/01/30 v0.27 Utility functions of pdfTeX for LuaTeX (HO
)
Package pdftexcmds Info: LuaTeX not detected.
Package pdftexcmds Info: \pdf@primitive is available.
Package pdftexcmds Info: \pdf@ifprimitive is available.
Package pdftexcmds Info: \pdfdraftmode found.
Package: pdfescape 2016/05/16 v1.14 Implements pdfTeX's escape features (HO)
Package: bigintcalc 2016/05/16 v1.4 Expandable calculations on big integers (HO
)
Package: bitset 2016/05/16 v1.2 Handle bit-vector datatype (HO)
Package: uniquecounter 2016/05/16 v1.3 Provide unlimited unique counter (HO)
)
Package hobsub Info: Skipping package `hobsub' (already loaded).
Package: letltxmacro 2016/05/16 v1.5 Let assignment for LaTeX macros (HO)
Package: hopatch 2016/05/16 v1.3 Wrapper for package hooks (HO)
Package: xcolor-patch 2016/05/16 xcolor patch
Package: atveryend 2016/05/16 v1.9 Hooks at the very end of document (HO)
Package atveryend Info: \enddocument detected (standard20110627).
Package: atbegshi 2016/06/09 v1.18 At begin shipout hook (HO)
Package: refcount 2016/05/16 v3.5 Data extraction from label references (HO)
Package: hycolor 2016/05/16 v1.8 Color options for hyperref/bookmark (HO)
)
("C:\Program Files\MiKTeX 2.9\tex\generic\ifxetex\ifxetex.sty"
Package: ifxetex 2010/09/12 v0.6 Provides ifxetex conditional
)
("C:\Program Files\MiKTeX 2.9\tex\latex\oberdiek\auxhook.sty"
Package: auxhook 2016/05/16 v1.4 Hooks for auxiliary files (HO)
)
("C:\Program Files\MiKTeX 2.9\tex\latex\oberdiek\kvoptions.sty"
Package: kvoptions 2016/05/16 v3.12 Key value format for package options (HO)
)
\@linkdim=\dimen121
\Hy@linkcounter=\count112
\Hy@pagecounter=\count113

("C:\Program Files\MiKTeX 2.9\tex\latex\hyperref\pd1enc.def"
File: pd1enc.def 2018/02/06 v6.86b Hyperref: PDFDocEncoding definition (HO)
Now handling font encoding PD1 ...
... no UTF-8 mapping file for font encoding PD1
)
\Hy@SavedSpaceFactor=\count114

("C:\Program Files\MiKTeX 2.9\tex\latex\00miktex\hyperref.cfg"
File: hyperref.cfg 2002/06/06 v1.2 hyperref configuration of TeXLive
)
Package hyperref Info: Hyper figures OFF on input line 4509.
Package hyperref Info: Link nesting OFF on input line 4514.
Package hyperref Info: Hyper index ON on input line 4517.
Package hyperref Info: Plain pages OFF on input line 4524.
Package hyperref Info: Backreferencing OFF on input line 4529.
Package hyperref Info: Implicit mode ON; LaTeX internals redefined.
Package hyperref Info: Bookmarks ON on input line 4762.
\c@Hy@tempcnt=\count115
LaTeX Info: Redefining \url on input line 5115.
\XeTeXLinkMargin=\dimen122
\Fld@menulength=\count116
\Field@Width=\dimen123
\Fld@charsize=\dimen124
Package hyperref Info: Hyper figures OFF on input line 6369.
Package hyperref Info: Link nesting OFF on input line 6374.
Package hyperref Info: Hyper index ON on input line 6377.
Package hyperref Info: backreferencing OFF on input line 6384.
Package hyperref Info: Link coloring OFF on input line 6389.
Package hyperref Info: Link coloring with OCG OFF on input line 6394.
Package hyperref Info: PDF/A mode OFF on input line 6399.
LaTeX Info: Redefining \ref on input line 6439.
LaTeX Info: Redefining \pageref on input line 6443.
\Hy@abspage=\count117
\c@Item=\count118
\c@Hfootnote=\count119
)
Package hyperref Info: Driver (autodetected): hpdftex.

("C:\Program Files\MiKTeX 2.9\tex\latex\hyperref\hpdftex.def"
File: hpdftex.def 2018/02/06 v6.86b Hyperref driver for pdfTeX
\Fld@listcount=\count120
\c@bookmark@seq@number=\count121

("C:\Program Files\MiKTeX 2.9\tex\latex\oberdiek\rerunfilecheck.sty"
Package: rerunfilecheck 2016/05/16 v1.8 Rerun checks for auxiliary files (HO)
Package uniquecounter Info: New unique counter `rerunfilecheck' on input line 2
82.
)
\Hy@SectionHShift=\skip58
)
("C:\Program Files\MiKTeX 2.9\tex\latex\algorithm2e\algorithm2e.sty"
Package: algorithm2e 2017/07/18 v5.2 algorithms environments
\c@AlgoLine=\count122
\algocf@hangindent=\skip59

("C:\Program Files\MiKTeX 2.9\tex\latex\ifoddpage\ifoddpage.sty"
Package: ifoddpage 2016/04/23 v1.1 Conditionals for odd/even page detection
\c@checkoddpage=\count123
LaTeX Info: Redefining \checkoddpage on input line 45.
)
("C:\Program Files\MiKTeX 2.9\tex\latex\tools\xspace.sty"
Package: xspace 2014/10/28 v1.13 Space after command names (DPC,MH)
)
("C:\Program Files\MiKTeX 2.9\tex\latex\relsize\relsize.sty"
Package: relsize 2013/03/29 ver 4.1
)
\skiptotal=\skip60
\skiplinenumber=\skip61
\skiprule=\skip62
\skiphlne=\skip63
\skiptext=\skip64
\skiplength=\skip65
\algomargin=\skip66
\skipalgocfslide=\skip67
\algowidth=\dimen125
\inoutsize=\dimen126
\inoutindent=\dimen127
\interspacetitleruled=\dimen128
\interspacealgoruled=\dimen129
\interspacetitleboxruled=\dimen130
\algocf@ruledwidth=\skip68
\algocf@inoutbox=\box30
\algocf@inputbox=\box31
\AlCapSkip=\skip69
\AlCapHSkip=\skip70
\algoskipindent=\skip71
\algocf@nlbox=\box32
\algocf@hangingbox=\box33
\algocf@untilbox=\box34
\algocf@skipuntil=\skip72
\algocf@capbox=\box35
\algocf@lcaptionbox=\skip73
\algoheightruledefault=\skip74
\algoheightrule=\skip75
\algotitleheightruledefault=\skip76
\algotitleheightrule=\skip77
\c@algocfline=\count124
\c@algocfproc=\count125
\c@algocf=\count126
\algocf@algoframe=\box36
\algocf@algobox=\box37
)
("C:\Program Files\MiKTeX 2.9\tex\latex\caption\caption.sty"
Package: caption 2018/05/01 v3.3-147 Customizing captions (AR)

("C:\Program Files\MiKTeX 2.9\tex\latex\caption\caption3.sty"
Package: caption3 2018/05/27 v1.8a caption3 kernel (AR)
Package caption3 Info: TeX engine: e-TeX on input line 64.
\captionmargin=\dimen131
\captionmargin@=\dimen132
\captionwidth=\dimen133
\caption@tempdima=\dimen134
\caption@indent=\dimen135
\caption@parindent=\dimen136
\caption@hangindent=\dimen137
)
\c@ContinuedFloat=\count127
Package caption Info: hyperref package is loaded.
Package caption Info: listings package is loaded.
)
("C:\Program Files\MiKTeX 2.9\tex\latex\enumitem\enumitem.sty"
Package: enumitem 2011/09/28 v3.5.2 Customized lists
\labelindent=\skip78
\enit@outerparindent=\dimen138
\enit@toks=\toks22
\enit@inbox=\box38
\enitdp@description=\count128
) (macros.tex)
("C:\Program Files\MiKTeX 2.9\tex\latex\listings\lstlang1.sty"
File: lstlang1.sty 2018/09/02 1.7 listings language file
)
("C:\Program Files\MiKTeX 2.9\tex\latex\listings\lstmisc.sty"
File: lstmisc.sty 2018/09/02 1.7 (Carsten Heinz)
)

Package hyperref Warning: Option `backref' has already been used,
(hyperref)                setting the option has no effect on input line 131.


Package hyperref Warning: Option `pagebackref' has already been used,
(hyperref)                setting the option has no effect on input line 131.


Package hyperref Warning: Option `hyperindex' has already been used,
(hyperref)                setting the option has no effect on input line 131.

Package hyperref Info: Option `colorlinks' set `true' on input line 131.
Package hyperref Info: Option `breaklinks' set `true' on input line 131.

Package hyperref Warning: Option `bookmarks' has already been used,
(hyperref)                setting the option has no effect on input line 131.

Package hyperref Info: Option `bookmarksopen' set `true' on input line 131.
) (currentYear.tex) (me.tex) (lab_infos.tex)
(Labo05_CalibrationEtCorrectionDistorsion.aux

LaTeX Warning: Label `fig.Image_RefImagesSwitch' multiply defined.


LaTeX Warning: Label `fig.Image_RefImagesSwitch' multiply defined.

)
\openout1 = `Labo05_CalibrationEtCorrectionDistorsion.aux'.

LaTeX Font Info:    Checking defaults for OML/cmm/m/it on input line 15.
LaTeX Font Info:    ... okay on input line 15.
LaTeX Font Info:    Checking defaults for T1/cmr/m/n on input line 15.
LaTeX Font Info:    ... okay on input line 15.
LaTeX Font Info:    Checking defaults for OT1/cmr/m/n on input line 15.
LaTeX Font Info:    ... okay on input line 15.
LaTeX Font Info:    Checking defaults for OMS/cmsy/m/n on input line 15.
LaTeX Font Info:    ... okay on input line 15.
LaTeX Font Info:    Checking defaults for OMX/cmex/m/n on input line 15.
LaTeX Font Info:    ... okay on input line 15.
LaTeX Font Info:    Checking defaults for U/cmr/m/n on input line 15.
LaTeX Font Info:    ... okay on input line 15.
LaTeX Font Info:    Checking defaults for FML/futm/m/it on input line 15.
LaTeX Font Info:    Try loading font information for FML+futm on input line 15.

 ("C:\Program Files\MiKTeX 2.9\tex\latex\fourier\fmlfutm.fd"
File: fmlfutm.fd 2004/10/30 Fontinst v1.926 font definitions for FML/futm.
)
LaTeX Font Info:    ... okay on input line 15.
LaTeX Font Info:    Checking defaults for FMS/futm/m/n on input line 15.
LaTeX Font Info:    Try loading font information for FMS+futm on input line 15.


("C:\Program Files\MiKTeX 2.9\tex\latex\fourier\fmsfutm.fd"
File: fmsfutm.fd 2004/10/30 Fontinst v1.926 font definitions for FMS/futm.
)
LaTeX Font Info:    ... okay on input line 15.
LaTeX Font Info:    Checking defaults for FMX/futm/m/n on input line 15.
LaTeX Font Info:    Try loading font information for FMX+futm on input line 15.


("C:\Program Files\MiKTeX 2.9\tex\latex\fourier\fmxfutm.fd"
File: fmxfutm.fd futm-extension
)
LaTeX Font Info:    ... okay on input line 15.
LaTeX Font Info:    Checking defaults for TS1/cmr/m/n on input line 15.
LaTeX Font Info:    Try loading font information for TS1+cmr on input line 15.

("C:\Program Files\MiKTeX 2.9\tex\latex\base\ts1cmr.fd"
File: ts1cmr.fd 2014/09/29 v2.5h Standard LaTeX font definitions
)
LaTeX Font Info:    ... okay on input line 15.
LaTeX Font Info:    Checking defaults for PD1/pdf/m/n on input line 15.
LaTeX Font Info:    ... okay on input line 15.
LaTeX Font Info:    Try loading font information for T1+futs on input line 15.

("C:\Program Files\MiKTeX 2.9\tex\latex\fourier\t1futs.fd"
File: t1futs.fd 2004/03/02 Fontinst v1.926 font definitions for T1/futs.
)
("C:\Program Files\MiKTeX 2.9\tex\context\base\supp-pdf.mkii"
[Loading MPS to PDF converter (version 2006.09.02).]
\scratchcounter=\count129
\scratchdimen=\dimen139
\scratchbox=\box39
\nofMPsegments=\count130
\nofMParguments=\count131
\everyMPshowfont=\toks23
\MPscratchCnt=\count132
\MPscratchDim=\dimen140
\MPnumerator=\count133
\makeMPintoPDFobject=\count134
\everyMPtoPDFconversion=\toks24
) ("C:\Program Files\MiKTeX 2.9\tex\latex\oberdiek\epstopdf-base.sty"
Package: epstopdf-base 2016/05/15 v2.6 Base part for package epstopdf

("C:\Program Files\MiKTeX 2.9\tex\latex\oberdiek\grfext.sty"
Package: grfext 2016/05/16 v1.2 Manage graphics extensions (HO)
)
Package epstopdf-base Info: Redefining graphics rule for `.eps' on input line 4
38.
Package grfext Info: Graphics extension search list:
(grfext)             [.pdf,.png,.jpg,.mps,.jpeg,.jbig2,.jb2,.PDF,.PNG,.JPG,.JPE
G,.JBIG2,.JB2,.eps]
(grfext)             \AppendGraphicsExtensions on input line 456.
)
Package lastpage Info: Please have a look at the pageslts package at
(lastpage)             https://www.ctan.org/pkg/pageslts
(lastpage)             ! on input line 15.
\c@lstlisting=\count135
LaTeX Info: Redefining \degres on input line 15.
LaTeX Info: Redefining \dots on input line 15.


Package french.ldf Warning: Please load the "listings" package
(french.ldf)                AFTER babel/french; reported on input line 15.

Package french.ldf Info: Setting StandardItemizeEnv=true for
(french.ldf)             compatibility with enumitem package,
(french.ldf)             reported on input line 15.
Package french.ldf Info: Setting StandardEnumerateEnv=true for
(french.ldf)             compatibility with enumitem package,
(french.ldf)             reported on input line 15.
LaTeX Info: Redefining \up on input line 15.
\AtBeginShipoutBox=\box40
Package hyperref Info: Link coloring ON on input line 15.
("C:\Program Files\MiKTeX 2.9\tex\latex\hyperref\nameref.sty"
Package: nameref 2016/05/21 v2.44 Cross-referencing by name of section

("C:\Program Files\MiKTeX 2.9\tex\generic\oberdiek\gettitlestring.sty"
Package: gettitlestring 2016/05/16 v1.5 Cleanup title references (HO)
)
\c@section@level=\count136
)
LaTeX Info: Redefining \ref on input line 15.
LaTeX Info: Redefining \pageref on input line 15.
LaTeX Info: Redefining \nameref on input line 15.

(Labo05_CalibrationEtCorrectionDistorsion.out)
(Labo05_CalibrationEtCorrectionDistorsion.out)
\@outlinefile=\write3
\openout3 = `Labo05_CalibrationEtCorrectionDistorsion.out'.

Package caption Info: Begin \AtBeginDocument code.
Package caption Info: End \AtBeginDocument code.
LaTeX Font Info:    Font shape `T1/futs/bx/n' in size <14.4> not available
(Font)              Font shape `T1/futs/b/n' tried instead on input line 19.
LaTeX Font Info:    Try loading font information for U+futs on input line 22.

("C:\Program Files\MiKTeX 2.9\tex\latex\fourier\ufuts.fd"
File: ufuts.fd 2004/03/26 Fontinst v1.926 font definitions for U/futs.
)
(Labo05_objectives.tex
LaTeX Font Info:    Font shape `T1/futs/bx/n' in size <12> not available
(Font)              Font shape `T1/futs/b/n' tried instead on input line 8.

Underfull \hbox (badness 10000) in paragraph at lines 10--11

 []

) (Labo05_CalibrationEtCorrectionDistorsion.toc
LaTeX Font Info:    Font shape `T1/futs/bx/n' in size <10> not available
(Font)              Font shape `T1/futs/b/n' tried instead on input line 2.
LaTeX Font Info:    Try loading font information for FML+futmi on input line 3.


("C:\Program Files\MiKTeX 2.9\tex\latex\fourier\fmlfutmi.fd"
File: fmlfutmi.fd 2004/10/30 Fontinst v1.926 font definitions for FML/futmi.
)
LaTeX Font Info:    Font shape `FMX/futm/m/n' will be
(Font)              scaled to size 9.19998pt on input line 3.
LaTeX Font Info:    Font shape `FMX/futm/m/n' will be
(Font)              scaled to size 6.99199pt on input line 3.
LaTeX Font Info:    Font shape `FMX/futm/m/n' will be
(Font)              scaled to size 5.51999pt on input line 3.
LaTeX Font Info:    Try loading font information for U+msa on input line 3.

("C:\Program Files\MiKTeX 2.9\tex\latex\amsfonts\umsa.fd"
File: umsa.fd 2013/01/14 v3.01 AMS symbols A
)
LaTeX Font Info:    Try loading font information for U+msb on input line 3.

("C:\Program Files\MiKTeX 2.9\tex\latex\amsfonts\umsb.fd"
File: umsb.fd 2013/01/14 v3.01 AMS symbols B
)
LaTeX Font Info:    Font shape `U/futm/m/n' will be
(Font)              scaled to size 9.19998pt on input line 3.
LaTeX Font Info:    Font shape `U/futm/m/n' will be
(Font)              scaled to size 6.99199pt on input line 3.
LaTeX Font Info:    Font shape `U/futm/m/n' will be
(Font)              scaled to size 5.51999pt on input line 3.
)
\tf@toc=\write4
\openout4 = `Labo05_CalibrationEtCorrectionDistorsion.toc'.

<HEIG-VD-seul.png, id=78, 265.49188pt x 82.3075pt>
File: HEIG-VD-seul.png Graphic file (type png)
<use HEIG-VD-seul.png>
Package pdftex.def Info: HEIG-VD-seul.png  used on input line 31.
(pdftex.def)             Requested size: 106.19487pt x 32.92241pt.


Package Fancyhdr Warning: \headheight is too small (0.0pt): 
 Make it at least 36.52245pt.
 We now make it that large for the rest of the document.
 This may cause the page layout to be inconsistent, however.

[1{C:/Users/guillaum.bangala/AppData/Local/MiKTeX/2.9/pdftex/config/pdftex.map}

 <./HEIG-VD-seul.png>] (Labo05_theoretical_part.tex
File: HEIG-VD-seul.png Graphic file (type png)
<use HEIG-VD-seul.png>
Package pdftex.def Info: HEIG-VD-seul.png  used on input line 78.
(pdftex.def)             Requested size: 106.19487pt x 32.92241pt.
 [2]
<addOns/LaboCalib_Variables_Icon.png, id=104, 1257.69875pt x 151.56625pt>
File: addOns/LaboCalib_Variables_Icon.png Graphic file (type png)
<use addOns/LaboCalib_Variables_Icon.png>
Package pdftex.def Info: addOns/LaboCalib_Variables_Icon.png  used on input lin
e 92.
(pdftex.def)             Requested size: 455.24683pt x 54.86214pt.


Package caption Warning: The option `hypcap=true' will be ignored for this
(caption)                particular \caption on input line 93.
See the caption package documentation for explanation.


Overfull \hbox (2.27893pt too wide) in paragraph at lines 92--93
 [][] 
 []

<addOns/LaboCalib_Variables_Window.png, id=105, 1341.01pt x 805.0075pt>
File: addOns/LaboCalib_Variables_Window.png Graphic file (type png)
<use addOns/LaboCalib_Variables_Window.png>
Package pdftex.def Info: addOns/LaboCalib_Variables_Window.png  used on input l
ine 101.
(pdftex.def)             Requested size: 455.24165pt x 273.2813pt.

Package caption Warning: The option `hypcap=true' will be ignored for this
(caption)                particular \caption on input line 102.
See the caption package documentation for explanation.


Overfull \hbox (2.27376pt too wide) in paragraph at lines 101--102
 [][] 
 []

File: HEIG-VD-seul.png Graphic file (type png)
<use HEIG-VD-seul.png>
Package pdftex.def Info: HEIG-VD-seul.png  used on input line 120.
(pdftex.def)             Requested size: 106.19487pt x 32.92241pt.
[3 <./addOns/LaboCalib_Variables_Icon.png> <./addOns/LaboCalib_Variables_Window
.png>]
Underfull \hbox (badness 10000) in paragraph at lines 147--149

 []


LaTeX Warning: Command \textendash invalid in math mode on input line 165.


Overfull \hbox (12.83086pt too wide) in paragraph at lines 184--189
\T1/futs/m/n/10 KEYENCE offre des fonc-tions per-for-mantes de haut ni-veau, fa
-ci-le-ment et gran-de-ment pa-ra-mé-trables qui couvrent
 []

File: HEIG-VD-seul.png Graphic file (type png)
<use HEIG-VD-seul.png>
Package pdftex.def Info: HEIG-VD-seul.png  used on input line 196.
(pdftex.def)             Requested size: 106.19487pt x 32.92241pt.
[4]
<addOns/LaboCalib_Function_ParametersTypes.png, id=141, 1147.28625pt x 762.85pt
>
File: addOns/LaboCalib_Function_ParametersTypes.png Graphic file (type png)
<use addOns/LaboCalib_Function_ParametersTypes.png>
Package pdftex.def Info: addOns/LaboCalib_Function_ParametersTypes.png  used on
 input line 219.
(pdftex.def)             Requested size: 427.90297pt x 284.51991pt.


Package caption Warning: The option `hypcap=true' will be ignored for this
(caption)                particular \caption on input line 220.
See the caption package documentation for explanation.

<addOns/LaboCalib_currentValue.png, id=142, 175.25475pt x 39.14626pt>
File: addOns/LaboCalib_currentValue.png Graphic file (type png)
<use addOns/LaboCalib_currentValue.png>
Package pdftex.def Info: addOns/LaboCalib_currentValue.png  used on input line 
230.
(pdftex.def)             Requested size: 284.5342pt x 63.55574pt.

Package caption Warning: The option `hypcap=true' will be ignored for this
(caption)                particular \caption on input line 231.
See the caption package documentation for explanation.

File: HEIG-VD-seul.png Graphic file (type png)
<use HEIG-VD-seul.png>
Package pdftex.def Info: HEIG-VD-seul.png  used on input line 235.
(pdftex.def)             Requested size: 106.19487pt x 32.92241pt.
[5 <./addOns/LaboCalib_Function_ParametersTypes.png>]
<addOns/LaboCalib_Functions_AccessResult.png, id=152, 1165.35374pt x 1183.42125
pt>
File: addOns/LaboCalib_Functions_AccessResult.png Graphic file (type png)
<use addOns/LaboCalib_Functions_AccessResult.png>
Package pdftex.def Info: addOns/LaboCalib_Functions_AccessResult.png  used on i
nput line 256.
(pdftex.def)             Requested size: 448.29805pt x 455.24841pt.


Package caption Warning: The option `hypcap=true' will be ignored for this
(caption)                particular \caption on input line 257.
See the caption package documentation for explanation.

File: HEIG-VD-seul.png Graphic file (type png)
<use HEIG-VD-seul.png>
Package pdftex.def Info: HEIG-VD-seul.png  used on input line 261.
(pdftex.def)             Requested size: 106.19487pt x 32.92241pt.
[6 <./addOns/LaboCalib_currentValue.png>]
File: HEIG-VD-seul.png Graphic file (type png)
<use HEIG-VD-seul.png>
Package pdftex.def Info: HEIG-VD-seul.png  used on input line 281.
(pdftex.def)             Requested size: 106.19487pt x 32.92241pt.
 [7 <./addOns/LaboCalib_Functions_AccessResult.png>]
<addOns/LaboCalib_SimulationTrigger.png, id=166, 1257.69875pt x 177.66376pt>
File: addOns/LaboCalib_SimulationTrigger.png Graphic file (type png)
<use addOns/LaboCalib_SimulationTrigger.png>
Package pdftex.def Info: addOns/LaboCalib_SimulationTrigger.png  used on input 
line 306.
(pdftex.def)             Requested size: 455.24683pt x 64.30861pt.


Package caption Warning: The option `hypcap=true' will be ignored for this
(caption)                particular \caption on input line 307.
See the caption package documentation for explanation.


Overfull \hbox (2.27893pt too wide) in paragraph at lines 306--307
 [][] 
 []


Underfull \hbox (badness 10000) in paragraph at lines 303--310

 []


Underfull \hbox (badness 10000) in paragraph at lines 314--315

 []

<addOns/LaboCalib_RefImageUnitParameters.png, id=167, 985.6825pt x 783.92876pt>

File: addOns/LaboCalib_RefImageUnitParameters.png Graphic file (type png)
<use addOns/LaboCalib_RefImageUnitParameters.png>
Package pdftex.def Info: addOns/LaboCalib_RefImageUnitParameters.png  used on i
nput line 319.
(pdftex.def)             Requested size: 357.76324pt x 284.53471pt.

Package caption Warning: The option `hypcap=true' will be ignored for this
(caption)                particular \caption on input line 320.
See the caption package documentation for explanation.

File: HEIG-VD-seul.png Graphic file (type png)
<use HEIG-VD-seul.png>
Package pdftex.def Info: HEIG-VD-seul.png  used on input line 324.
(pdftex.def)             Requested size: 106.19487pt x 32.92241pt.
[8 <./addOns/LaboCalib_SimulationTrigger.png>]
Underfull \hbox (badness 10000) in paragraph at lines 325--326

 []

<addOns/LaboCalib_RefImageSwitch.png, id=178, 663.47874pt x 262.9825pt>
File: addOns/LaboCalib_RefImageSwitch.png Graphic file (type png)
<use addOns/LaboCalib_RefImageSwitch.png>
Package pdftex.def Info: addOns/LaboCalib_RefImageSwitch.png  used on input lin
e 330.
(pdftex.def)             Requested size: 227.6248pt x 90.22343pt.

Package caption Warning: The option `hypcap=true' will be ignored for this
(caption)                particular \caption on input line 331.
See the caption package documentation for explanation.

<addOns/registerImage.png, id=180, 142.131pt x 228.855pt>
File: addOns/registerImage.png Graphic file (type png)
<use addOns/registerImage.png>
Package pdftex.def Info: addOns/registerImage.png  used on input line 341.
(pdftex.def)             Requested size: 176.71338pt x 284.53851pt.

Package caption Warning: The option `hypcap=true' will be ignored for this
(caption)                particular \caption on input line 342.
See the caption package documentation for explanation.


Underfull \hbox (badness 10000) in paragraph at lines 338--345

 []

File: HEIG-VD-seul.png Graphic file (type png)
<use HEIG-VD-seul.png>
Package pdftex.def Info: HEIG-VD-seul.png  used on input line 345.
(pdftex.def)             Requested size: 106.19487pt x 32.92241pt.
[9 <./addOns/LaboCalib_RefImageUnitParameters.png> <./addOns/LaboCalib_RefImage
Switch.png>])
File: HEIG-VD-seul.png Graphic file (type png)
<use HEIG-VD-seul.png>
Package pdftex.def Info: HEIG-VD-seul.png  used on input line 33.
(pdftex.def)             Requested size: 106.19487pt x 32.92241pt.
 [10 <./addOns/registerImage.png>] (labo05_practical_part.tex
<addOns/LaboCalib_Practical_chessboard.png, id=194, 1410.26875pt x 464.73625pt>

File: addOns/LaboCalib_Practical_chessboard.png Graphic file (type png)
<use addOns/LaboCalib_Practical_chessboard.png>
Package pdftex.def Info: addOns/LaboCalib_Practical_chessboard.png  used on inp
ut line 13.
(pdftex.def)             Requested size: 455.23318pt x 150.01634pt.


Package caption Warning: The option `hypcap=true' will be ignored for this
(caption)                particular \caption on input line 14.
See the caption package documentation for explanation.


Overfull \hbox (2.26529pt too wide) in paragraph at lines 13--14
 [][] 
 []

<addOns/LaboCalib_Practical_object.png, id=195, 1410.26875pt x 465.74pt>
File: addOns/LaboCalib_Practical_object.png Graphic file (type png)
<use addOns/LaboCalib_Practical_object.png>
Package pdftex.def Info: addOns/LaboCalib_Practical_object.png  used on input l
ine 22.
(pdftex.def)             Requested size: 455.23318pt x 150.34035pt.

Package caption Warning: The option `hypcap=true' will be ignored for this
(caption)                particular \caption on input line 23.
See the caption package documentation for explanation.


Overfull \hbox (2.26529pt too wide) in paragraph at lines 22--23
 [][] 
 []

File: HEIG-VD-seul.png Graphic file (type png)
<use HEIG-VD-seul.png>
Package pdftex.def Info: HEIG-VD-seul.png  used on input line 34.
(pdftex.def)             Requested size: 106.19487pt x 32.92241pt.
[11 <./addOns/LaboCalib_Practical_chessboard.png> <./addOns/LaboCalib_Practical
_object.png>]
Overfull \hbox (2.23409pt too wide) in paragraph at lines 45--45
[]|[]|  
 []


Overfull \hbox (2.23409pt too wide) in paragraph at lines 51--51
[]|[]|  
 []

)
No file Labo05_CalibrationEtCorrectionDistorsion.bbl.

AED: lastpage setting LastPage
File: HEIG-VD-seul.png Graphic file (type png)
<use HEIG-VD-seul.png>
Package pdftex.def Info: HEIG-VD-seul.png  used on input line 39.
(pdftex.def)             Requested size: 106.19487pt x 32.92241pt.
[12]
Package atveryend Info: Empty hook `BeforeClearDocument' on input line 39.
Package atveryend Info: Empty hook `AfterLastShipout' on input line 39.
 (Labo05_CalibrationEtCorrectionDistorsion.aux)
Package atveryend Info: Executing hook `AtVeryEndDocument' on input line 39.
Package atveryend Info: Executing hook `AtEndAfterFileList' on input line 39.
Package rerunfilecheck Info: File `Labo05_CalibrationEtCorrectionDistorsion.out
' has not changed.
(rerunfilecheck)             Checksum: 4969DAC4AE8A712FCB32AC2587D5D812;1283.


LaTeX Warning: There were multiply-defined labels.

Package atveryend Info: Empty hook `AtVeryVeryEnd' on input line 39.
 ) 
Here is how much of TeX's memory you used:
 12468 strings out of 492972
 186875 string characters out of 3135850
 485264 words of memory out of 3000000
 16003 multiletter control sequences out of 15000+200000
 81756 words of font info for 78 fonts, out of 3000000 for 9000
 1141 hyphenation exceptions out of 8191
 38i,16n,56p,825b,614s stack positions out of 5000i,500n,10000p,200000b,50000s
{C:/Program Files/MiKTeX 2.9/fonts/enc/dvips/base/8r.enc}<C:/Program Files/Mi
KTeX 2.9/fonts/type1/public/fourier/fourier-orns.pfb><C:/Program Files/MiKTeX 2
.9/fonts/type1/adobe/utopia/putb8a.pfb><C:/Program Files/MiKTeX 2.9/fonts/type1
/adobe/utopia/putr8a.pfb><C:/Program Files/MiKTeX 2.9/fonts/type1/adobe/utopia/
putri8a.pfb>
Output written on Labo05_CalibrationEtCorrectionDistorsion.pdf (12 pages, 13352
02 bytes).
PDF statistics:
 241 PDF objects out of 1000 (max. 8388607)
 70 named destinations out of 1000 (max. 500000)
 181 words of extra memory for PDF output out of 10000 (max. 10000000)

